<?xml version="1.0" encoding="UTF-8"?>
<!-- Generated by org.testng.reporters.JUnitReportReporter -->
<testsuite skipped="0" hostname="LAPTOP-BQ7298OG" name="com.employeeAPI.testCases.TC001_Get_All_Employees" tests="9" failures="0" timestamp="09 May 2020 21:50:10 GMT" time="0.058" errors="0">
  <testcase name="checkStatusCode" time="0.003" classname="com.employeeAPI.testCases.TC001_Get_All_Employees"/>
  <testcase name="checkContentEncoding" time="0.008" classname="com.employeeAPI.testCases.TC001_Get_All_Employees"/>
  <testcase name="checkCookie" time="0.003" classname="com.employeeAPI.testCases.TC001_Get_All_Employees"/>
  <testcase name="checkServerType" time="0.003" classname="com.employeeAPI.testCases.TC001_Get_All_Employees"/>
  <testcase name="checkContentLength" time="0.002" classname="com.employeeAPI.testCases.TC001_Get_All_Employees"/>
  <testcase name="checkResponseBody" time="0.032" classname="com.employeeAPI.testCases.TC001_Get_All_Employees"/>
  <testcase name="checkStatusLine" time="0.001" classname="com.employeeAPI.testCases.TC001_Get_All_Employees"/>
  <testcase name="checkResponseTime" time="0.003" classname="com.employeeAPI.testCases.TC001_Get_All_Employees"/>
  <testcase name="checkContentType" time="0.003" classname="com.employeeAPI.testCases.TC001_Get_All_Employees"/>
</testsuite> <!-- com.employeeAPI.testCases.TC001_Get_All_Employees -->
