<?xml version="1.0" encoding="UTF-8"?>
<!-- Generated by org.testng.reporters.JUnitReportReporter -->
<testsuite skipped="0" hostname="LAPTOP-BQ7298OG" name="com.employeeAPI.testCases.TC003_Post_Employee_Record" tests="5" failures="0" timestamp="09 May 2020 21:50:10 GMT" time="0.009" errors="0">
  <testcase name="checkStatusLine" time="0.002" classname="com.employeeAPI.testCases.TC003_Post_Employee_Record"/>
  <testcase name="checkContentType" time="0.001" classname="com.employeeAPI.testCases.TC003_Post_Employee_Record"/>
  <testcase name="checkServerType" time="0.002" classname="com.employeeAPI.testCases.TC003_Post_Employee_Record"/>
  <testcase name="checkResponseBody" time="0.002" classname="com.employeeAPI.testCases.TC003_Post_Employee_Record"/>
  <testcase name="checkStatusCode" time="0.002" classname="com.employeeAPI.testCases.TC003_Post_Employee_Record"/>
</testsuite> <!-- com.employeeAPI.testCases.TC003_Post_Employee_Record -->
