<?xml version="1.0" encoding="UTF-8"?>
<!-- Generated by org.testng.reporters.JUnitReportReporter -->
<testsuite skipped="0" hostname="LAPTOP-BQ7298OG" name="com.employeeAPI.testCases.TC002_Get_Single_Employee_Record" tests="4" failures="0" timestamp="09 May 2020 21:50:09 GMT" time="0.010" errors="0">
  <testcase name="checkServerType" time="0.003" classname="com.employeeAPI.testCases.TC002_Get_Single_Employee_Record"/>
  <testcase name="checkResponseTime" time="0.003" classname="com.employeeAPI.testCases.TC002_Get_Single_Employee_Record"/>
  <testcase name="checkContentLength" time="0.002" classname="com.employeeAPI.testCases.TC002_Get_Single_Employee_Record"/>
  <testcase name="checkContentType" time="0.002" classname="com.employeeAPI.testCases.TC002_Get_Single_Employee_Record"/>
</testsuite> <!-- com.employeeAPI.testCases.TC002_Get_Single_Employee_Record -->
