<?xml version="1.0" encoding="UTF-8"?>
<!-- Generated by org.testng.reporters.JUnitReportReporter -->
<testsuite hostname="LAPTOP-BQ7298OG" failures="0" tests="5" name="com.employeeAPI.testCases.TC004_Put_Employee_Record" time="0.005" errors="0" timestamp="09 May 2020 22:24:34 GMT" skipped="0">
  <testcase classname="com.employeeAPI.testCases.TC004_Put_Employee_Record" name="checkStatusLine" time="0.001"/>
  <testcase classname="com.employeeAPI.testCases.TC004_Put_Employee_Record" name="checkContentType" time="0.001"/>
  <testcase classname="com.employeeAPI.testCases.TC004_Put_Employee_Record" name="checkStatusCode" time="0.001"/>
  <testcase classname="com.employeeAPI.testCases.TC004_Put_Employee_Record" name="checkResponseBody" time="0.001"/>
  <testcase classname="com.employeeAPI.testCases.TC004_Put_Employee_Record" name="checkServerType" time="0.001"/>
</testsuite> <!-- com.employeeAPI.testCases.TC004_Put_Employee_Record -->
