<?xml version="1.0" encoding="UTF-8"?>
<!-- Generated by org.testng.reporters.JUnitReportReporter -->
<testsuite hostname="LAPTOP-BQ7298OG" failures="0" tests="4" name="com.employeeAPI.testCases.TC005_Delete_Employee_Record" time="0.004" errors="0" timestamp="09 May 2020 22:24:34 GMT" skipped="0">
  <testcase classname="com.employeeAPI.testCases.TC005_Delete_Employee_Record" name="checkContentType" time="0.000"/>
  <testcase classname="com.employeeAPI.testCases.TC005_Delete_Employee_Record" name="checkServerType" time="0.001"/>
  <testcase classname="com.employeeAPI.testCases.TC005_Delete_Employee_Record" name="checkStatusCode" time="0.002"/>
  <testcase classname="com.employeeAPI.testCases.TC005_Delete_Employee_Record" name="checkStatusLine" time="0.001"/>
</testsuite> <!-- com.employeeAPI.testCases.TC005_Delete_Employee_Record -->
