<?xml version="1.0" encoding="UTF-8"?>
<!-- Generated by org.testng.reporters.JUnitReportReporter -->
<testsuite hostname="LAPTOP-BQ7298OG" failures="0" tests="4" name="com.employeeAPI.testCases.TC002_Get_Single_Employee_Record" time="0.005" errors="0" timestamp="09 May 2020 22:24:33 GMT" skipped="0">
  <testcase classname="com.employeeAPI.testCases.TC002_Get_Single_Employee_Record" name="checkContentLength" time="0.001"/>
  <testcase classname="com.employeeAPI.testCases.TC002_Get_Single_Employee_Record" name="checkServerType" time="0.002"/>
  <testcase classname="com.employeeAPI.testCases.TC002_Get_Single_Employee_Record" name="checkResponseTime" time="0.001"/>
  <testcase classname="com.employeeAPI.testCases.TC002_Get_Single_Employee_Record" name="checkContentType" time="0.001"/>
</testsuite> <!-- com.employeeAPI.testCases.TC002_Get_Single_Employee_Record -->
