<?xml version="1.0" encoding="UTF-8"?>
<!-- Generated by org.testng.reporters.JUnitReportReporter -->
<testsuite hostname="LAPTOP-BQ7298OG" failures="0" tests="9" name="com.employeeAPI.testCases.TC001_Get_All_Employees" time="0.043" errors="0" timestamp="09 May 2020 22:24:34 GMT" skipped="0">
  <testcase classname="com.employeeAPI.testCases.TC001_Get_All_Employees" name="checkCookie" time="0.002"/>
  <testcase classname="com.employeeAPI.testCases.TC001_Get_All_Employees" name="checkResponseTime" time="0.001"/>
  <testcase classname="com.employeeAPI.testCases.TC001_Get_All_Employees" name="checkServerType" time="0.001"/>
  <testcase classname="com.employeeAPI.testCases.TC001_Get_All_Employees" name="checkResponseBody" time="0.029"/>
  <testcase classname="com.employeeAPI.testCases.TC001_Get_All_Employees" name="checkStatusLine" time="0.001"/>
  <testcase classname="com.employeeAPI.testCases.TC001_Get_All_Employees" name="checkContentType" time="0.001"/>
  <testcase classname="com.employeeAPI.testCases.TC001_Get_All_Employees" name="checkContentEncoding" time="0.004"/>
  <testcase classname="com.employeeAPI.testCases.TC001_Get_All_Employees" name="checkContentLength" time="0.001"/>
  <testcase classname="com.employeeAPI.testCases.TC001_Get_All_Employees" name="checkStatusCode" time="0.003"/>
</testsuite> <!-- com.employeeAPI.testCases.TC001_Get_All_Employees -->
